[2017-04-23 22:04:51,881: INFO/MainProcess] beat: Starting...
[2017-04-23 22:04:51,882: INFO/MainProcess] Writing entries...
[2017-04-23 22:04:56,910: INFO/MainProcess] Writing entries...
[2017-04-23 22:07:57,118: INFO/MainProcess] Writing entries...
[2017-04-23 22:10:57,341: INFO/MainProcess] Writing entries...
[2017-04-23 22:13:57,608: INFO/MainProcess] Writing entries...
[2017-04-23 22:16:57,860: INFO/MainProcess] Writing entries...
[2017-04-23 22:18:39,679: INFO/MainProcess] Writing entries...
[2017-04-23 22:18:39,696: INFO/MainProcess] Writing entries...
celery beat v4.0.2 (latentcall) is starting.
__    -    ... __   -        _
LocalTime -> 2017-04-23 22:04:51
Configuration ->
    . broker -> amqp://bacchus:**@localhost:5672/bacchus
    . loader -> celery.loaders.app.AppLoader
    . scheduler -> django_celery_beat.schedulers.DatabaseScheduler

    . logfile -> [stderr]@%INFO
    . maxinterval -> 5.00 seconds (5s)
[2017-04-23 22:18:39,713: INFO/MainProcess] Writing entries...
[2017-04-23 22:18:39,715: INFO/MainProcess] Writing entries...
