[26/Apr/2017 23:35:36] "GET / HTTP/1.1" 200 13619
[26/Apr/2017 23:35:36] "GET /static/gent/vendors/bootstrap/dist/css/bootstrap.min.css HTTP/1.1" 304 0
[26/Apr/2017 23:35:36] "GET /static/gent/vendors/font-awesome/css/font-awesome.min.css HTTP/1.1" 304 0
[26/Apr/2017 23:35:36] "GET /static/gent/vendors/nprogress/nprogress.css HTTP/1.1" 304 0
[26/Apr/2017 23:35:36] "GET /static/gent/vendors/iCheck/skins/flat/green.css HTTP/1.1" 304 0
[26/Apr/2017 23:35:36] "GET /static/gent/vendors/datatables.net-bs/css/dataTables.bootstrap.min.css HTTP/1.1" 304 0
[26/Apr/2017 23:35:36] "GET /static/gent/vendors/datatables.net-buttons-bs/css/buttons.bootstrap.min.css HTTP/1.1" 304 0
[26/Apr/2017 23:35:36] "GET /static/gent/vendors/datatables.net-fixedheader-bs/css/fixedHeader.bootstrap.min.css HTTP/1.1" 304 0
[26/Apr/2017 23:35:36] "GET /static/gent/vendors/datatables.net-responsive-bs/css/responsive.bootstrap.min.css HTTP/1.1" 304 0
[26/Apr/2017 23:35:36] "GET /static/gent/vendors/datatables.net-scroller-bs/css/scroller.bootstrap.min.css HTTP/1.1" 304 0
[26/Apr/2017 23:35:36] "GET /static/gent/vendors/bootstrap-progressbar/css/bootstrap-progressbar-3.3.4.min.css HTTP/1.1" 304 0
[26/Apr/2017 23:35:36] "GET /static/css/toggle.css HTTP/1.1" 304 0
[26/Apr/2017 23:35:36] "GET /static/gent/vendors/jqvmap/dist/jqvmap.min.css HTTP/1.1" 304 0
[26/Apr/2017 23:35:36] "GET /static/gent/vendors/bootstrap-daterangepicker/daterangepicker.css HTTP/1.1" 304 0
[26/Apr/2017 23:35:36] "GET /static/gent/build/css/custom.min.css HTTP/1.1" 304 0
[26/Apr/2017 23:35:36] "GET /static/gent/vendors/jquery/dist/jquery.min.js HTTP/1.1" 304 0
[26/Apr/2017 23:35:36] "GET /static/gent/vendors/bootstrap/dist/js/bootstrap.min.js HTTP/1.1" 304 0
[26/Apr/2017 23:35:36] "GET /static/gent/vendors/fastclick/lib/fastclick.js HTTP/1.1" 304 0
[26/Apr/2017 23:35:36] "GET /static/gent/vendors/nprogress/nprogress.js HTTP/1.1" 304 0
[26/Apr/2017 23:35:36] "GET /static/gent/vendors/gauge.js/dist/gauge.min.js HTTP/1.1" 304 0
[26/Apr/2017 23:35:36] "GET /static/gent/vendors/bootstrap-progressbar/bootstrap-progressbar.min.js HTTP/1.1" 304 0
[26/Apr/2017 23:35:36] "GET /static/gent/vendors/iCheck/icheck.min.js HTTP/1.1" 304 0
[26/Apr/2017 23:35:36] "GET /static/gent/vendors/skycons/skycons.js HTTP/1.1" 304 0
[26/Apr/2017 23:35:36] "GET /static/gent/vendors/Flot/jquery.flot.js HTTP/1.1" 304 0
[26/Apr/2017 23:35:36] "GET /static/gent/vendors/Flot/jquery.flot.pie.js HTTP/1.1" 304 0
[26/Apr/2017 23:35:36] "GET /static/gent/vendors/Flot/jquery.flot.time.js HTTP/1.1" 304 0
[26/Apr/2017 23:35:36] "GET /static/gent/vendors/Flot/jquery.flot.stack.js HTTP/1.1" 304 0
[26/Apr/2017 23:35:36] "GET /static/gent/vendors/Flot/jquery.flot.resize.js HTTP/1.1" 304 0
[26/Apr/2017 23:35:36] "GET /static/gent/vendors/flot.orderbars/js/jquery.flot.orderBars.js HTTP/1.1" 304 0
[26/Apr/2017 23:35:36] "GET /static/gent/vendors/flot-spline/js/jquery.flot.spline.min.js HTTP/1.1" 304 0
[26/Apr/2017 23:35:36] "GET /static/gent/vendors/flot.curvedlines/curvedLines.js HTTP/1.1" 304 0
[26/Apr/2017 23:35:36] "GET /static/gent/vendors/DateJS/build/date.js HTTP/1.1" 304 0
[26/Apr/2017 23:35:36] "GET /static/gent/vendors/jqvmap/dist/jquery.vmap.js HTTP/1.1" 304 0
[26/Apr/2017 23:35:36] "GET /static/gent/vendors/jqvmap/dist/maps/jquery.vmap.world.js HTTP/1.1" 304 0
[26/Apr/2017 23:35:36] "GET /static/gent/vendors/jqvmap/examples/js/jquery.vmap.sampledata.js HTTP/1.1" 304 0
[26/Apr/2017 23:35:36] "GET /static/gent/vendors/moment/min/moment.min.js HTTP/1.1" 304 0
[26/Apr/2017 23:35:36] "GET /static/gent/vendors/bootstrap-daterangepicker/daterangepicker.js HTTP/1.1" 304 0
[26/Apr/2017 23:35:36] "GET /static/gent/vendors/echarts/dist/echarts.js HTTP/1.1" 304 0
[26/Apr/2017 23:35:36] "GET /static/gent/vendors/datatables.net/js/jquery.dataTables.min.js HTTP/1.1" 304 0
[26/Apr/2017 23:35:36] "GET /static/gent/vendors/datatables.net-bs/js/dataTables.bootstrap.min.js HTTP/1.1" 304 0
[26/Apr/2017 23:35:36] "GET /static/gent/vendors/datatables.net-buttons/js/dataTables.buttons.min.js HTTP/1.1" 304 0
[26/Apr/2017 23:35:36] "GET /static/gent/vendors/datatables.net-buttons-bs/js/buttons.bootstrap.min.js HTTP/1.1" 304 0
[26/Apr/2017 23:35:36] "GET /static/gent/vendors/datatables.net-buttons/js/buttons.flash.min.js HTTP/1.1" 304 0
[26/Apr/2017 23:35:36] "GET /static/gent/vendors/datatables.net-buttons/js/buttons.html5.min.js HTTP/1.1" 304 0
[26/Apr/2017 23:35:36] "GET /static/gent/vendors/datatables.net-buttons/js/buttons.print.min.js HTTP/1.1" 304 0
[26/Apr/2017 23:35:36] "GET /static/gent/vendors/datatables.net-fixedheader/js/dataTables.fixedHeader.min.js HTTP/1.1" 304 0
[26/Apr/2017 23:35:36] "GET /static/gent/vendors/datatables.net-keytable/js/dataTables.keyTable.min.js HTTP/1.1" 304 0
[26/Apr/2017 23:35:36] "GET /static/gent/vendors/datatables.net-responsive/js/dataTables.responsive.min.js HTTP/1.1" 304 0
[26/Apr/2017 23:35:36] "GET /static/gent/vendors/datatables.net-responsive-bs/js/responsive.bootstrap.js HTTP/1.1" 304 0
[26/Apr/2017 23:35:36] "GET /static/gent/vendors/datatables.net-scroller/js/dataTables.scroller.min.js HTTP/1.1" 304 0
[26/Apr/2017 23:35:36] "GET /static/gent/vendors/jszip/dist/jszip.min.js HTTP/1.1" 304 0
[26/Apr/2017 23:35:36] "GET /static/gent/vendors/pdfmake/build/pdfmake.min.js HTTP/1.1" 304 0
[26/Apr/2017 23:35:36] "GET /static/gent/vendors/pdfmake/build/vfs_fonts.js HTTP/1.1" 304 0
[26/Apr/2017 23:35:36] "GET /static/js/runbackup.js HTTP/1.1" 304 0
[26/Apr/2017 23:35:36] "GET /static/js/tasks.js HTTP/1.1" 304 0
[26/Apr/2017 23:35:36] "GET /static/gent/build/js/custom.js HTTP/1.1" 304 0
[26/Apr/2017 23:35:36] "GET /static/gent/production/images/bacchus_logo_white.png HTTP/1.1" 304 0
[26/Apr/2017 23:35:36] "GET /static/gent/production/images/bacchus_admin.png HTTP/1.1" 304 0
[26/Apr/2017 23:35:39] "GET /schedules/ HTTP/1.1" 200 14309
[26/Apr/2017 23:40:51] "GET /definesched/ HTTP/1.1" 200 21540
[26/Apr/2017 23:40:55] "GET /schedules/ HTTP/1.1" 200 14309
[26/Apr/2017 23:40:58] "POST /schedules/ HTTP/1.1" 200 14309
[26/Apr/2017 23:42:20] "POST /schedules/ HTTP/1.1" 200 14309
Performing system checks...

System check identified no issues (0 silenced).
April 26, 2017 - 23:35:34
Django version 1.10.6, using settings 'bacchus.settings'
Starting development server at http://0.0.0.0:8080/
Quit the server with CONTROL-C.
sched_id = 1
sched_id = 2
[26/Apr/2017 23:44:33] "POST /schedules/ HTTP/1.1" 200 14309
Performing system checks...

System check identified no issues (0 silenced).
April 26, 2017 - 23:44:16
Django version 1.10.6, using settings 'bacchus.settings'
Starting development server at http://0.0.0.0:8080/
Quit the server with CONTROL-C.
sched_id = 1
ttestststs
Performing system checks...

System check identified no issues (0 silenced).
April 26, 2017 - 23:44:45
Django version 1.10.6, using settings 'bacchus.settings'
Starting development server at http://0.0.0.0:8080/
Quit the server with CONTROL-C.
Performing system checks...

System check identified no issues (0 silenced).
April 26, 2017 - 23:45:03
Django version 1.10.6, using settings 'bacchus.settings'
Starting development server at http://0.0.0.0:8080/
Quit the server with CONTROL-C.
Performing system checks...

System check identified no issues (0 silenced).
April 26, 2017 - 23:46:17
Django version 1.10.6, using settings 'bacchus.settings'
Starting development server at http://0.0.0.0:8080/
Quit the server with CONTROL-C.
Performing system checks...

System check identified no issues (0 silenced).
April 26, 2017 - 23:46:22
Django version 1.10.6, using settings 'bacchus.settings'
Starting development server at http://0.0.0.0:8080/
Quit the server with CONTROL-C.
[26/Apr/2017 23:50:48] "GET / HTTP/1.1" 200 13619
[26/Apr/2017 23:50:52] "GET /schedules/ HTTP/1.1" 200 14309
Internal Server Error: /schedules/
Traceback (most recent call last):
  File "/usr/lib64/python2.7/site-packages/django/core/handlers/exception.py", line 42, in inner
    response = get_response(request)
  File "/usr/lib64/python2.7/site-packages/django/core/handlers/base.py", line 187, in _get_response
    response = self.process_exception_by_middleware(e, request)
  File "/usr/lib64/python2.7/site-packages/django/core/handlers/base.py", line 185, in _get_response
    response = wrapped_callback(request, *callback_args, **callback_kwargs)
  File "/usr/lib64/python2.7/site-packages/django/contrib/auth/decorators.py", line 23, in _wrapped_view
    return view_func(request, *args, **kwargs)
  File "/opt/bacchus/bacchus/scheduler/views.py", line 27, in list_sched
    backupscheds = BackupSchedule.objects.get(schedule=sched)
  File "/usr/lib64/python2.7/site-packages/django/db/models/manager.py", line 85, in manager_method
    return getattr(self.get_queryset(), name)(*args, **kwargs)
  File "/usr/lib64/python2.7/site-packages/django/db/models/query.py", line 385, in get
    self.model._meta.object_name
DoesNotExist: BackupSchedule matching query does not exist.
[26/Apr/2017 23:51:00] "POST /schedules/ HTTP/1.1" 500 80727
[26/Apr/2017 23:51:12] "GET /schedules/ HTTP/1.1" 200 14309
Internal Server Error: /schedules/
Traceback (most recent call last):
  File "/usr/lib64/python2.7/site-packages/django/core/handlers/exception.py", line 42, in inner
    response = get_response(request)
  File "/usr/lib64/python2.7/site-packages/django/core/handlers/base.py", line 187, in _get_response
    response = self.process_exception_by_middleware(e, request)
  File "/usr/lib64/python2.7/site-packages/django/core/handlers/base.py", line 185, in _get_response
    response = wrapped_callback(request, *callback_args, **callback_kwargs)
  File "/usr/lib64/python2.7/site-packages/django/contrib/auth/decorators.py", line 23, in _wrapped_view
    return view_func(request, *args, **kwargs)
  File "/opt/bacchus/bacchus/scheduler/views.py", line 28, in list_sched
    for backupsched in backupscheds:
TypeError: 'BackupSchedule' object is not iterable
[26/Apr/2017 23:53:41] "POST /schedules/ HTTP/1.1" 500 72247
Performing system checks...

System check identified no issues (0 silenced).
April 26, 2017 - 23:49:17
Django version 1.10.6, using settings 'bacchus.settings'
Starting development server at http://0.0.0.0:8080/
Quit the server with CONTROL-C.
[26/Apr/2017 23:57:49] "GET /schedules/ HTTP/1.1" 200 14309
[26/Apr/2017 23:57:58] "POST /schedules/ HTTP/1.1" 200 13199
[26/Apr/2017 23:58:01] "POST /schedules/ HTTP/1.1" 200 12089
[26/Apr/2017 23:58:17] "GET / HTTP/1.1" 200 13619
Performing system checks...

System check identified no issues (0 silenced).
April 26, 2017 - 23:57:40
Django version 1.10.6, using settings 'bacchus.settings'
Starting development server at http://0.0.0.0:8080/
Quit the server with CONTROL-C.
Performing system checks...

System check identified no issues (0 silenced).
April 26, 2017 - 23:59:05
Django version 1.10.6, using settings 'bacchus.settings'
Starting development server at http://0.0.0.0:8080/
Quit the server with CONTROL-C.
Performing system checks...

System check identified no issues (0 silenced).
April 27, 2017 - 00:04:26
Django version 1.10.6, using settings 'bacchus.settings'
Starting development server at http://0.0.0.0:8080/
Quit the server with CONTROL-C.
Performing system checks...

System check identified no issues (0 silenced).
April 27, 2017 - 00:04:32
Django version 1.10.6, using settings 'bacchus.settings'
Starting development server at http://0.0.0.0:8080/
Quit the server with CONTROL-C.
